Added Component: Designator=C1(0805)
Added Component: Designator=C2(0805)
Added Component: Designator=C3(0805)
Added Component: Designator=C4(0805)
Added Component: Designator=C5(0805)
Added Component: Designator=C6(0805)
Added Component: Designator=C7(0805)
Added Component: Designator=C8(CN1.5)
Added Component: Designator=C9(CN1.5)
Added Component: Designator=D1(diode)
Added Component: Designator=J1(CON3)
Added Component: Designator=J2(con5)
Added Component: Designator=JP1(CON2)
Added Component: Designator=P1(Medium - Header 2)
Added Component: Designator=R1(R1/4W)
Added Component: Designator=R2(R1/4W)
Added Component: Designator=R3(R1/4W)
Added Component: Designator=R4(R1/4W)
Added Component: Designator=U1(SOT223-4N)
Added Component: Designator=U2(PDIP300-P8)
Added Component: Designator=VR1(RVAR10K)
Added Component: Designator=Y1(XT2)
Added Pin To Net: NetName=3V3 Pin=C3-1
Added Pin To Net: NetName=3V3 Pin=C4-1
Added Pin To Net: NetName=3V3 Pin=C7-1
Added Pin To Net: NetName=3V3 Pin=J2-2
Added Pin To Net: NetName=3V3 Pin=R2-2
Added Pin To Net: NetName=3V3 Pin=R4-2
Added Pin To Net: NetName=3V3 Pin=U1-2
Added Pin To Net: NetName=3V3 Pin=U2-1
Added Net: Name=3V3
Added Pin To Net: NetName=9V Pin=C1-1
Added Pin To Net: NetName=9V Pin=C2-1
Added Pin To Net: NetName=9V Pin=C5-1
Added Pin To Net: NetName=9V Pin=C6-1
Added Pin To Net: NetName=9V Pin=D1-2
Added Pin To Net: NetName=9V Pin=J1-3
Added Pin To Net: NetName=9V Pin=P1-1
Added Pin To Net: NetName=9V Pin=R1-2
Added Pin To Net: NetName=9V Pin=U1-3
Added Net: Name=9V
Added Pin To Net: NetName=GND Pin=C1-2
Added Pin To Net: NetName=GND Pin=C2-2
Added Pin To Net: NetName=GND Pin=C3-2
Added Pin To Net: NetName=GND Pin=C4-2
Added Pin To Net: NetName=GND Pin=C6-2
Added Pin To Net: NetName=GND Pin=C7-2
Added Pin To Net: NetName=GND Pin=C8-1
Added Pin To Net: NetName=GND Pin=C9-1
Added Pin To Net: NetName=GND Pin=J2-3
Added Pin To Net: NetName=GND Pin=JP1-1
Added Pin To Net: NetName=GND Pin=U1-1
Added Pin To Net: NetName=GND Pin=U2-8
Added Pin To Net: NetName=GND Pin=VR1-1
Added Net: Name=GND
Added Pin To Net: NetName=ICSPCLK Pin=J2-5
Added Pin To Net: NetName=ICSPCLK Pin=U2-6
Added Pin To Net: NetName=ICSPCLK Pin=VR1-2
Added Net: Name=ICSPCLK
Added Pin To Net: NetName=ICSPDAT Pin=J2-4
Added Pin To Net: NetName=ICSPDAT Pin=R3-1
Added Pin To Net: NetName=ICSPDAT Pin=U2-7
Added Net: Name=ICSPDAT
Added Pin To Net: NetName=M\C\L\R\ Pin=J2-1
Added Pin To Net: NetName=M\C\L\R\ Pin=R2-1
Added Pin To Net: NetName=M\C\L\R\ Pin=U2-4
Added Net: Name=M\C\L\R\
Added Pin To Net: NetName=NetC5_2 Pin=C5-2
Added Pin To Net: NetName=NetC5_2 Pin=D1-1
Added Pin To Net: NetName=NetC5_2 Pin=P1-2
Added Net: Name=NetC5_2
Added Pin To Net: NetName=NetC8_2 Pin=C8-2
Added Pin To Net: NetName=NetC8_2 Pin=U2-2
Added Pin To Net: NetName=NetC8_2 Pin=Y1-1
Added Net: Name=NetC8_2
Added Pin To Net: NetName=NetC9_2 Pin=C9-2
Added Pin To Net: NetName=NetC9_2 Pin=U2-3
Added Pin To Net: NetName=NetC9_2 Pin=Y1-2
Added Net: Name=NetC9_2
Added Pin To Net: NetName=NetJ1_2 Pin=J1-2
Added Pin To Net: NetName=NetJ1_2 Pin=JP1-2
Added Net: Name=NetJ1_2
Added Net: Name=NetQ1_1
Added Pin To Net: NetName=NetQ1_2 Pin=R1-1
Added Net: Name=NetQ1_2
Added Pin To Net: NetName=NetQ1_3 Pin=R3-2
Added Net: Name=NetQ1_3
Added Pin To Net: NetName=NetR4_1 Pin=R4-1
Added Pin To Net: NetName=NetR4_1 Pin=VR1-3
Added Net: Name=NetR4_1
Added Class: Name=PIC12F675_ADC_PWM
Added Room: Name=PIC12F675_ADC_PWM
